<?xml version="1.0" encoding="UTF-8"?>
<!-- Generated by org.testng.reporters.JUnitReportReporter -->
<testsuite hostname="HA1101901716" name="com.avaya.sdmclient.runnerdemo.c1" tests="3" failures="0" timestamp="28 Sep 2015 11:13:25 GMT" time="2095.815" errors="0">
  <testcase name="AddVMSuite" time="511.686" classname="com.avaya.sdmclient.runnerdemo.c1"/>
  <testcase name="DeleteVM" time="41.167" classname="com.avaya.sdmclient.runnerdemo.c1"/>
  <testcase name="startNewThread" time="1542.962" classname="com.avaya.sdmclient.runnerdemo.c1"/>
</testsuite> <!-- com.avaya.sdmclient.runnerdemo.c1 -->
