<?xml version="1.0" encoding="UTF-8"?>
<!-- Generated by org.testng.reporters.JUnitReportReporter -->
<testsuite hostname="HA1101901716" name="com.avaya.sdmclient.runnerdemo.sdmSMGRConcurrent" tests="3" failures="0" timestamp="28 Sep 2015 11:01:36 GMT" time="1564.473" errors="0">
  <testcase name="AddVM" time="874.456" classname="com.avaya.sdmclient.runnerdemo.sdmSMGRConcurrent"/>
  <testcase name="startNewThread" time="646.512" classname="com.avaya.sdmclient.runnerdemo.sdmSMGRConcurrent"/>
  <testcase name="DeleteVM" time="43.505" classname="com.avaya.sdmclient.runnerdemo.sdmSMGRConcurrent"/>
</testsuite> <!-- com.avaya.sdmclient.runnerdemo.sdmSMGRConcurrent -->
