<?xml version="1.0" encoding="UTF-8"?>
<!-- Generated by org.testng.reporters.JUnitReportReporter -->
<testsuite hostname="HA1101901716" name="com.avaya.sdmclient.runnerdemo.sdmSMGRConcurrent" tests="8" failures="0" timestamp="22 Sep 2015 10:02:43 GMT" time="243.722" errors="7">
  <testcase name="StartVM" time="0.000" classname="com.avaya.sdmclient.runnerdemo.sdmSMGRConcurrent">
    <error type="java.lang.Throwable" message="Method sdmSMGRConcurrent.StartVM(java.lang.String, java.lang.String)[pri:0, instance:com.avaya.sdmclient.runnerdemo.sdmSMGRConcurrent@17649784] depends on not successfully finished methods">
      <![CDATA[java.lang.Throwable: Method sdmSMGRConcurrent.StartVM(java.lang.String, java.lang.String)[pri:0, instance:com.avaya.sdmclient.runnerdemo.sdmSMGRConcurrent@17649784] depends on not successfully finished methods
	at org.testng.internal.Invoker.invokeTestMethods(Invoker.java:1052)
	at org.testng.internal.TestMethodWorker.invokeTestMethods(TestMethodWorker.java:124)
	at org.testng.internal.TestMethodWorker.run(TestMethodWorker.java:108)
	at org.testng.TestRunner.privateRun(TestRunner.java:771)
	at org.testng.TestRunner.run(TestRunner.java:621)
	at org.testng.SuiteRunner.runTest(SuiteRunner.java:357)
	at org.testng.SuiteRunner.runSequentially(SuiteRunner.java:352)
	at org.testng.SuiteRunner.privateRun(SuiteRunner.java:310)
	at org.testng.SuiteRunner.run(SuiteRunner.java:259)
	at org.testng.SuiteRunnerWorker.runSuite(SuiteRunnerWorker.java:52)
	at org.testng.SuiteRunnerWorker.run(SuiteRunnerWorker.java:86)
	at org.testng.TestNG.runSuitesSequentially(TestNG.java:1176)
	at org.testng.TestNG.runSuitesSequentially(TestNG.java:1172)
	at org.testng.TestNG.runSuitesLocally(TestNG.java:1101)
	at org.testng.TestNG.run(TestNG.java:1009)
	at com.avaya.sdmclient.runnerdemo.driverConcurrentInstallations.main(driverConcurrentInstallations.java:35)
]]>
    </error>
  </testcase> <!-- StartVM -->
  <testcase name="RefreshVM" time="0.000" classname="com.avaya.sdmclient.runnerdemo.sdmSMGRConcurrent">
    <error type="java.lang.Throwable" message="Method sdmSMGRConcurrent.RefreshVM(java.lang.String, java.lang.String)[pri:0, instance:com.avaya.sdmclient.runnerdemo.sdmSMGRConcurrent@17649784] depends on not successfully finished methods">
      <![CDATA[java.lang.Throwable: Method sdmSMGRConcurrent.RefreshVM(java.lang.String, java.lang.String)[pri:0, instance:com.avaya.sdmclient.runnerdemo.sdmSMGRConcurrent@17649784] depends on not successfully finished methods
	at org.testng.internal.Invoker.invokeTestMethods(Invoker.java:1052)
	at org.testng.internal.TestMethodWorker.invokeTestMethods(TestMethodWorker.java:124)
	at org.testng.internal.TestMethodWorker.run(TestMethodWorker.java:108)
	at org.testng.TestRunner.privateRun(TestRunner.java:771)
	at org.testng.TestRunner.run(TestRunner.java:621)
	at org.testng.SuiteRunner.runTest(SuiteRunner.java:357)
	at org.testng.SuiteRunner.runSequentially(SuiteRunner.java:352)
	at org.testng.SuiteRunner.privateRun(SuiteRunner.java:310)
	at org.testng.SuiteRunner.run(SuiteRunner.java:259)
	at org.testng.SuiteRunnerWorker.runSuite(SuiteRunnerWorker.java:52)
	at org.testng.SuiteRunnerWorker.run(SuiteRunnerWorker.java:86)
	at org.testng.TestNG.runSuitesSequentially(TestNG.java:1176)
	at org.testng.TestNG.runSuitesSequentially(TestNG.java:1172)
	at org.testng.TestNG.runSuitesLocally(TestNG.java:1101)
	at org.testng.TestNG.run(TestNG.java:1009)
	at com.avaya.sdmclient.runnerdemo.driverConcurrentInstallations.main(driverConcurrentInstallations.java:35)
]]>
    </error>
  </testcase> <!-- RefreshVM -->
  <testcase name="StopVM" time="0.000" classname="com.avaya.sdmclient.runnerdemo.sdmSMGRConcurrent">
    <error type="java.lang.Throwable" message="Method sdmSMGRConcurrent.StopVM(java.lang.String, java.lang.String)[pri:0, instance:com.avaya.sdmclient.runnerdemo.sdmSMGRConcurrent@17649784] depends on not successfully finished methods">
      <![CDATA[java.lang.Throwable: Method sdmSMGRConcurrent.StopVM(java.lang.String, java.lang.String)[pri:0, instance:com.avaya.sdmclient.runnerdemo.sdmSMGRConcurrent@17649784] depends on not successfully finished methods
	at org.testng.internal.Invoker.invokeTestMethods(Invoker.java:1052)
	at org.testng.internal.TestMethodWorker.invokeTestMethods(TestMethodWorker.java:124)
	at org.testng.internal.TestMethodWorker.run(TestMethodWorker.java:108)
	at org.testng.TestRunner.privateRun(TestRunner.java:771)
	at org.testng.TestRunner.run(TestRunner.java:621)
	at org.testng.SuiteRunner.runTest(SuiteRunner.java:357)
	at org.testng.SuiteRunner.runSequentially(SuiteRunner.java:352)
	at org.testng.SuiteRunner.privateRun(SuiteRunner.java:310)
	at org.testng.SuiteRunner.run(SuiteRunner.java:259)
	at org.testng.SuiteRunnerWorker.runSuite(SuiteRunnerWorker.java:52)
	at org.testng.SuiteRunnerWorker.run(SuiteRunnerWorker.java:86)
	at org.testng.TestNG.runSuitesSequentially(TestNG.java:1176)
	at org.testng.TestNG.runSuitesSequentially(TestNG.java:1172)
	at org.testng.TestNG.runSuitesLocally(TestNG.java:1101)
	at org.testng.TestNG.run(TestNG.java:1009)
	at com.avaya.sdmclient.runnerdemo.driverConcurrentInstallations.main(driverConcurrentInstallations.java:35)
]]>
    </error>
  </testcase> <!-- StopVM -->
  <testcase name="RestartVM" time="0.000" classname="com.avaya.sdmclient.runnerdemo.sdmSMGRConcurrent">
    <error type="java.lang.Throwable" message="Method sdmSMGRConcurrent.RestartVM(java.lang.String, java.lang.String)[pri:0, instance:com.avaya.sdmclient.runnerdemo.sdmSMGRConcurrent@17649784] depends on not successfully finished methods">
      <![CDATA[java.lang.Throwable: Method sdmSMGRConcurrent.RestartVM(java.lang.String, java.lang.String)[pri:0, instance:com.avaya.sdmclient.runnerdemo.sdmSMGRConcurrent@17649784] depends on not successfully finished methods
	at org.testng.internal.Invoker.invokeTestMethods(Invoker.java:1052)
	at org.testng.internal.TestMethodWorker.invokeTestMethods(TestMethodWorker.java:124)
	at org.testng.internal.TestMethodWorker.run(TestMethodWorker.java:108)
	at org.testng.TestRunner.privateRun(TestRunner.java:771)
	at org.testng.TestRunner.run(TestRunner.java:621)
	at org.testng.SuiteRunner.runTest(SuiteRunner.java:357)
	at org.testng.SuiteRunner.runSequentially(SuiteRunner.java:352)
	at org.testng.SuiteRunner.privateRun(SuiteRunner.java:310)
	at org.testng.SuiteRunner.run(SuiteRunner.java:259)
	at org.testng.SuiteRunnerWorker.runSuite(SuiteRunnerWorker.java:52)
	at org.testng.SuiteRunnerWorker.run(SuiteRunnerWorker.java:86)
	at org.testng.TestNG.runSuitesSequentially(TestNG.java:1176)
	at org.testng.TestNG.runSuitesSequentially(TestNG.java:1172)
	at org.testng.TestNG.runSuitesLocally(TestNG.java:1101)
	at org.testng.TestNG.run(TestNG.java:1009)
	at com.avaya.sdmclient.runnerdemo.driverConcurrentInstallations.main(driverConcurrentInstallations.java:35)
]]>
    </error>
  </testcase> <!-- RestartVM -->
  <testcase name="DeleteVM" time="0.000" classname="com.avaya.sdmclient.runnerdemo.sdmSMGRConcurrent">
    <error type="java.lang.Throwable" message="Method sdmSMGRConcurrent.DeleteVM(java.lang.String, java.lang.String)[pri:0, instance:com.avaya.sdmclient.runnerdemo.sdmSMGRConcurrent@17649784] depends on not successfully finished methods">
      <![CDATA[java.lang.Throwable: Method sdmSMGRConcurrent.DeleteVM(java.lang.String, java.lang.String)[pri:0, instance:com.avaya.sdmclient.runnerdemo.sdmSMGRConcurrent@17649784] depends on not successfully finished methods
	at org.testng.internal.Invoker.invokeTestMethods(Invoker.java:1052)
	at org.testng.internal.TestMethodWorker.invokeTestMethods(TestMethodWorker.java:124)
	at org.testng.internal.TestMethodWorker.run(TestMethodWorker.java:108)
	at org.testng.TestRunner.privateRun(TestRunner.java:771)
	at org.testng.TestRunner.run(TestRunner.java:621)
	at org.testng.SuiteRunner.runTest(SuiteRunner.java:357)
	at org.testng.SuiteRunner.runSequentially(SuiteRunner.java:352)
	at org.testng.SuiteRunner.privateRun(SuiteRunner.java:310)
	at org.testng.SuiteRunner.run(SuiteRunner.java:259)
	at org.testng.SuiteRunnerWorker.runSuite(SuiteRunnerWorker.java:52)
	at org.testng.SuiteRunnerWorker.run(SuiteRunnerWorker.java:86)
	at org.testng.TestNG.runSuitesSequentially(TestNG.java:1176)
	at org.testng.TestNG.runSuitesSequentially(TestNG.java:1172)
	at org.testng.TestNG.runSuitesLocally(TestNG.java:1101)
	at org.testng.TestNG.run(TestNG.java:1009)
	at com.avaya.sdmclient.runnerdemo.driverConcurrentInstallations.main(driverConcurrentInstallations.java:35)
]]>
    </error>
  </testcase> <!-- DeleteVM -->
  <testcase name="EditVM" time="0.000" classname="com.avaya.sdmclient.runnerdemo.sdmSMGRConcurrent">
    <error type="java.lang.Throwable" message="Method sdmSMGRConcurrent.EditVM(java.lang.String, java.lang.String)[pri:0, instance:com.avaya.sdmclient.runnerdemo.sdmSMGRConcurrent@17649784] depends on not successfully finished methods">
      <![CDATA[java.lang.Throwable: Method sdmSMGRConcurrent.EditVM(java.lang.String, java.lang.String)[pri:0, instance:com.avaya.sdmclient.runnerdemo.sdmSMGRConcurrent@17649784] depends on not successfully finished methods
	at org.testng.internal.Invoker.invokeTestMethods(Invoker.java:1052)
	at org.testng.internal.TestMethodWorker.invokeTestMethods(TestMethodWorker.java:124)
	at org.testng.internal.TestMethodWorker.run(TestMethodWorker.java:108)
	at org.testng.TestRunner.privateRun(TestRunner.java:771)
	at org.testng.TestRunner.run(TestRunner.java:621)
	at org.testng.SuiteRunner.runTest(SuiteRunner.java:357)
	at org.testng.SuiteRunner.runSequentially(SuiteRunner.java:352)
	at org.testng.SuiteRunner.privateRun(SuiteRunner.java:310)
	at org.testng.SuiteRunner.run(SuiteRunner.java:259)
	at org.testng.SuiteRunnerWorker.runSuite(SuiteRunnerWorker.java:52)
	at org.testng.SuiteRunnerWorker.run(SuiteRunnerWorker.java:86)
	at org.testng.TestNG.runSuitesSequentially(TestNG.java:1176)
	at org.testng.TestNG.runSuitesSequentially(TestNG.java:1172)
	at org.testng.TestNG.runSuitesLocally(TestNG.java:1101)
	at org.testng.TestNG.run(TestNG.java:1009)
	at com.avaya.sdmclient.runnerdemo.driverConcurrentInstallations.main(driverConcurrentInstallations.java:35)
]]>
    </error>
  </testcase> <!-- EditVM -->
  <testcase name="startNewThread" time="94.018" classname="com.avaya.sdmclient.runnerdemo.sdmSMGRConcurrent"/>
  <testcase name="AddVM" time="149.704" classname="com.avaya.sdmclient.runnerdemo.sdmSMGRConcurrent">
    <error type="org.openqa.selenium.StaleElementReferenceException" message="Element not found in the cache - perhaps the page has changed since it was looked up
Command duration or timeout: 4.55 seconds
For documentation on this error, please visit: http://seleniumhq.org/exceptions/stale_element_reference.html
Build info: version: &#039;2.46.0&#039;, revision: &#039;87c69e2&#039;, time: &#039;2015-06-04 16:16:47&#039;
System info: host: &#039;HA1101901716&#039;, ip: &#039;148.147.208.138&#039;, os.name: &#039;Windows 7&#039;, os.arch: &#039;amd64&#039;, os.version: &#039;6.1&#039;, java.version: &#039;1.7.0_71&#039;
Session ID: 97860c62-ba5d-4ad5-89e3-4cd97cc0895c
Driver info: org.openqa.selenium.firefox.FirefoxDriver
Capabilities [{platform=WINDOWS, acceptSslCerts=true, javascriptEnabled=true, cssSelectorsEnabled=true, databaseEnabled=true, browserName=firefox, handlesAlerts=true, nativeEvents=false, webStorageEnabled=true, rotatable=false, locationContextEnabled=true, applicationCacheEnabled=true, takesScreenshot=true, version=40.0.3}]">
      <![CDATA[org.openqa.selenium.StaleElementReferenceException: Element not found in the cache - perhaps the page has changed since it was looked up
Command duration or timeout: 4.55 seconds
For documentation on this error, please visit: http://seleniumhq.org/exceptions/stale_element_reference.html
Build info: version: '2.46.0', revision: '87c69e2', time: '2015-06-04 16:16:47'
System info: host: 'HA1101901716', ip: '148.147.208.138', os.name: 'Windows 7', os.arch: 'amd64', os.version: '6.1', java.version: '1.7.0_71'
Session ID: 97860c62-ba5d-4ad5-89e3-4cd97cc0895c
Driver info: org.openqa.selenium.firefox.FirefoxDriver
Capabilities [{platform=WINDOWS, acceptSslCerts=true, javascriptEnabled=true, cssSelectorsEnabled=true, databaseEnabled=true, browserName=firefox, handlesAlerts=true, nativeEvents=false, webStorageEnabled=true, rotatable=false, locationContextEnabled=true, applicationCacheEnabled=true, takesScreenshot=true, version=40.0.3}]
	at sun.reflect.NativeConstructorAccessorImpl.newInstance0(Native Method)
	at sun.reflect.NativeConstructorAccessorImpl.newInstance(Unknown Source)
	at sun.reflect.DelegatingConstructorAccessorImpl.newInstance(Unknown Source)
	at java.lang.reflect.Constructor.newInstance(Unknown Source)
	at org.openqa.selenium.remote.ErrorHandler.createThrowable(ErrorHandler.java:204)
	at org.openqa.selenium.remote.ErrorHandler.throwIfResponseFailed(ErrorHandler.java:156)
	at org.openqa.selenium.remote.RemoteWebDriver.execute(RemoteWebDriver.java:605)
	at org.openqa.selenium.remote.RemoteWebElement.execute(RemoteWebElement.java:269)
	at org.openqa.selenium.remote.RemoteWebElement.getText(RemoteWebElement.java:153)
	at com.avaya.sdmclient.Settings.chooseLink(Settings.java:508)
	at com.avaya.sdmclient.Settings.fluentWaitCloseOpen(Settings.java:490)
	at com.avaya.sdmclient.runnerdemo.sdmSMGRConcurrent.AddVM(sdmSMGRConcurrent.java:353)
	at sun.reflect.NativeMethodAccessorImpl.invoke0(Native Method)
	at sun.reflect.NativeMethodAccessorImpl.invoke(Unknown Source)
	at sun.reflect.DelegatingMethodAccessorImpl.invoke(Unknown Source)
	at java.lang.reflect.Method.invoke(Unknown Source)
	at org.testng.internal.MethodInvocationHelper.invokeMethod(MethodInvocationHelper.java:85)
	at org.testng.internal.Invoker.invokeMethod(Invoker.java:648)
	at org.testng.internal.Invoker.invokeTestMethod(Invoker.java:834)
	at org.testng.internal.Invoker.invokeTestMethods(Invoker.java:1142)
	at org.testng.internal.TestMethodWorker.invokeTestMethods(TestMethodWorker.java:124)
	at org.testng.internal.TestMethodWorker.run(TestMethodWorker.java:108)
	at org.testng.TestRunner.privateRun(TestRunner.java:771)
	at org.testng.TestRunner.run(TestRunner.java:621)
	at org.testng.SuiteRunner.runTest(SuiteRunner.java:357)
	at org.testng.SuiteRunner.runSequentially(SuiteRunner.java:352)
	at org.testng.SuiteRunner.privateRun(SuiteRunner.java:310)
	at org.testng.SuiteRunner.run(SuiteRunner.java:259)
	at org.testng.SuiteRunnerWorker.runSuite(SuiteRunnerWorker.java:52)
	at org.testng.SuiteRunnerWorker.run(SuiteRunnerWorker.java:86)
	at org.testng.TestNG.runSuitesSequentially(TestNG.java:1176)
	at org.testng.TestNG.runSuitesSequentially(TestNG.java:1172)
	at org.testng.TestNG.runSuitesLocally(TestNG.java:1101)
	at org.testng.TestNG.run(TestNG.java:1009)
	at com.avaya.sdmclient.runnerdemo.driverConcurrentInstallations.main(driverConcurrentInstallations.java:35)
Caused by: org.openqa.selenium.StaleElementReferenceException: Element not found in the cache - perhaps the page has changed since it was looked up
For documentation on this error, please visit: http://seleniumhq.org/exceptions/stale_element_reference.html
Build info: version: '2.46.0', revision: '87c69e2', time: '2015-06-04 16:16:47'
System info: host: 'HA1101901716', ip: '148.147.208.138', os.name: 'Windows 7', os.arch: 'amd64', os.version: '6.1', java.version: '1.7.0_71'
Driver info: driver.version: unknown
	at <anonymous class>.fxdriver.cache.getElementAt(resource://fxdriver/modules/web-element-cache.js:8981)
	at <anonymous class>.Utils.getElementAt(file:///C:/Users/BSHING~1/AppData/Local/Temp/anonymous1444408994554394649webdriver-profile/extensions/fxdriver@googlecode.com/components/command-processor.js:8574)
	at <anonymous class>.WebElement.getElementText(file:///C:/Users/BSHING~1/AppData/Local/Temp/anonymous1444408994554394649webdriver-profile/extensions/fxdriver@googlecode.com/components/command-processor.js:11722)
	at <anonymous class>.DelayedCommand.prototype.executeInternal_/h(file:///C:/Users/BSHING~1/AppData/Local/Temp/anonymous1444408994554394649webdriver-profile/extensions/fxdriver@googlecode.com/components/command-processor.js:12282)
	at <anonymous class>.fxdriver.Timer.prototype.setTimeout/<.notify(file:///C:/Users/BSHING~1/AppData/Local/Temp/anonymous1444408994554394649webdriver-profile/extensions/fxdriver@googlecode.com/components/command-processor.js:603)
]]>
    </error>
  </testcase> <!-- AddVM -->
</testsuite> <!-- com.avaya.sdmclient.runnerdemo.sdmSMGRConcurrent -->
