<?xml version="1.0" encoding="UTF-8"?>
<!-- Generated by org.testng.reporters.JUnitReportReporter -->
<testsuite hostname="HA1101901716" name="com.avaya.sdmclient.vcenter.VCEdit" tests="1" failures="0" timestamp="8 Oct 2015 15:18:16 GMT" time="156.201" errors="0">
  <testcase name="editVC" time="156.201" classname="com.avaya.sdmclient.vcenter.VCEdit"/>
</testsuite> <!-- com.avaya.sdmclient.vcenter.VCEdit -->
