<?xml version="1.0" encoding="UTF-8"?>
<!-- Generated by org.testng.reporters.JUnitReportReporter -->
<testsuite hostname="HA1101901716" name="com.avaya.sdmclient.runnerdemo.c1" tests="3" failures="0" timestamp="28 Sep 2015 11:00:52 GMT" time="576.458" errors="0">
  <testcase name="AddVMSuite" time="512.471" classname="com.avaya.sdmclient.runnerdemo.c1"/>
  <testcase name="DeleteVM" time="46.204" classname="com.avaya.sdmclient.runnerdemo.c1"/>
  <testcase name="startNewThread" time="17.783" classname="com.avaya.sdmclient.runnerdemo.c1"/>
</testsuite> <!-- com.avaya.sdmclient.runnerdemo.c1 -->
