<?xml version="1.0" encoding="UTF-8"?>
<!-- Generated by org.testng.reporters.JUnitReportReporter -->
<testsuite hostname="HA1101901716" name="com.avaya.sdmclient.runnerdemo.VC2508" tests="1" failures="0" timestamp="6 Oct 2015 13:04:29 GMT" time="152.557" errors="0">
  <testcase name="editVC" time="152.557" classname="com.avaya.sdmclient.runnerdemo.VC2508"/>
</testsuite> <!-- com.avaya.sdmclient.runnerdemo.VC2508 -->
