<?xml version="1.0" encoding="UTF-8"?>
<!-- Generated by org.testng.reporters.JUnitReportReporter -->
<testsuite hostname="HA1101901716" name="com.avaya.sdmclient.vcenter.VCEdit" tests="1" failures="0" timestamp="7 Oct 2015 10:34:57 GMT" time="154.509" errors="0">
  <testcase name="editVC" time="154.509" classname="com.avaya.sdmclient.vcenter.VCEdit"/>
</testsuite> <!-- com.avaya.sdmclient.vcenter.VCEdit -->
