<?xml version="1.0" encoding="UTF-8"?>
<!-- Generated by org.testng.reporters.JUnitReportReporter -->
<testsuite hostname="HA1101901716" name="com.avaya.sdmclient.runnerdemo.sdmSMGRConcurrent" tests="8" failures="0" timestamp="7 Oct 2015 10:34:57 GMT" time="3354.119" errors="0">
  <testcase name="startNewThread" time="2114.315" classname="com.avaya.sdmclient.runnerdemo.sdmSMGRConcurrent"/>
  <testcase name="DeleteVM" time="38.691" classname="com.avaya.sdmclient.runnerdemo.sdmSMGRConcurrent"/>
  <testcase name="StopVM" time="126.127" classname="com.avaya.sdmclient.runnerdemo.sdmSMGRConcurrent"/>
  <testcase name="RefreshVM" time="119.825" classname="com.avaya.sdmclient.runnerdemo.sdmSMGRConcurrent"/>
  <testcase name="StartVM" time="125.689" classname="com.avaya.sdmclient.runnerdemo.sdmSMGRConcurrent"/>
  <testcase name="EditVM" time="41.517" classname="com.avaya.sdmclient.runnerdemo.sdmSMGRConcurrent"/>
  <testcase name="AddVM" time="626.908" classname="com.avaya.sdmclient.runnerdemo.sdmSMGRConcurrent"/>
  <testcase name="RestartVM" time="161.047" classname="com.avaya.sdmclient.runnerdemo.sdmSMGRConcurrent"/>
</testsuite> <!-- com.avaya.sdmclient.runnerdemo.sdmSMGRConcurrent -->
