<?xml version="1.0" encoding="UTF-8"?>
<!-- Generated by org.testng.reporters.JUnitReportReporter -->
<testsuite hostname="HA1101901716" name="com.avaya.sdmclient.runnerdemo.c1" tests="8" failures="0" timestamp="5 Oct 2015 07:03:31 GMT" time="1539.320" errors="0">
  <testcase name="StartVM" time="124.776" classname="com.avaya.sdmclient.runnerdemo.c1"/>
  <testcase name="StopVM" time="126.640" classname="com.avaya.sdmclient.runnerdemo.c1"/>
  <testcase name="RefreshVM" time="117.387" classname="com.avaya.sdmclient.runnerdemo.c1"/>
  <testcase name="DeleteVM" time="39.591" classname="com.avaya.sdmclient.runnerdemo.c1"/>
  <testcase name="AddVMSuite" time="522.391" classname="com.avaya.sdmclient.runnerdemo.c1"/>
  <testcase name="RestartVM" time="160.068" classname="com.avaya.sdmclient.runnerdemo.c1"/>
  <testcase name="EditVM" time="40.015" classname="com.avaya.sdmclient.runnerdemo.c1"/>
  <testcase name="startNewThread" time="408.452" classname="com.avaya.sdmclient.runnerdemo.c1"/>
</testsuite> <!-- com.avaya.sdmclient.runnerdemo.c1 -->
