<?xml version="1.0" encoding="UTF-8"?>
<!-- Generated by org.testng.reporters.JUnitReportReporter -->
<testsuite hostname="HA1101901716" name="com.avaya.sdmclient.runnerdemo.c1" tests="8" failures="0" timestamp="7 Oct 2015 07:23:16 GMT" time="4421.038" errors="0">
  <testcase name="startNewThread" time="2901.088" classname="com.avaya.sdmclient.runnerdemo.c1"/>
  <testcase name="StartVM" time="125.832" classname="com.avaya.sdmclient.runnerdemo.c1"/>
  <testcase name="StopVM" time="128.124" classname="com.avaya.sdmclient.runnerdemo.c1"/>
  <testcase name="RestartVM" time="160.342" classname="com.avaya.sdmclient.runnerdemo.c1"/>
  <testcase name="AddVMSuite" time="908.317" classname="com.avaya.sdmclient.runnerdemo.c1"/>
  <testcase name="RefreshVM" time="119.111" classname="com.avaya.sdmclient.runnerdemo.c1"/>
  <testcase name="DeleteVM" time="38.898" classname="com.avaya.sdmclient.runnerdemo.c1"/>
  <testcase name="EditVM" time="39.326" classname="com.avaya.sdmclient.runnerdemo.c1"/>
</testsuite> <!-- com.avaya.sdmclient.runnerdemo.c1 -->
