<?xml version="1.0" encoding="UTF-8"?>
<!-- Generated by org.testng.reporters.JUnitReportReporter -->
<testsuite hostname="HA1101901716" name="com.avaya.sdmclient.vcenter.VCEdit" tests="1" failures="0" timestamp="19 Oct 2015 13:32:13 GMT" time="31.391" errors="1">
  <testcase name="editVC" time="31.391" classname="com.avaya.sdmclient.vcenter.VCEdit">
    <error type="com.avaya.sdmclient.extraResources.MyException" message="Error occurred: Either VCenter is null or VCenter does not exist ..">
      <![CDATA[com.avaya.sdmclient.extraResources.MyException: Error occurred: Either VCenter is null or VCenter does not exist ..
	at com.avaya.sdmclient.Settings.findvCenterInGrid(Settings.java:353)
	at com.avaya.sdmclient.vcenter.VCEdit.editVC(VCEdit.java:214)
	at sun.reflect.NativeMethodAccessorImpl.invoke0(Native Method)
	at sun.reflect.NativeMethodAccessorImpl.invoke(Unknown Source)
	at sun.reflect.DelegatingMethodAccessorImpl.invoke(Unknown Source)
	at java.lang.reflect.Method.invoke(Unknown Source)
	at org.testng.internal.MethodInvocationHelper.invokeMethod(MethodInvocationHelper.java:85)
	at org.testng.internal.Invoker.invokeMethod(Invoker.java:648)
	at org.testng.internal.Invoker.invokeTestMethod(Invoker.java:834)
	at org.testng.internal.Invoker.invokeTestMethods(Invoker.java:1142)
	at org.testng.internal.TestMethodWorker.invokeTestMethods(TestMethodWorker.java:124)
	at org.testng.internal.TestMethodWorker.run(TestMethodWorker.java:108)
	at org.testng.TestRunner.privateRun(TestRunner.java:771)
	at org.testng.TestRunner.run(TestRunner.java:621)
	at org.testng.SuiteRunner.runTest(SuiteRunner.java:357)
	at org.testng.SuiteRunner.runSequentially(SuiteRunner.java:352)
	at org.testng.SuiteRunner.privateRun(SuiteRunner.java:310)
	at org.testng.SuiteRunner.run(SuiteRunner.java:259)
	at org.testng.SuiteRunnerWorker.runSuite(SuiteRunnerWorker.java:52)
	at org.testng.SuiteRunnerWorker.run(SuiteRunnerWorker.java:86)
	at org.testng.TestNG.runSuitesSequentially(TestNG.java:1176)
	at org.testng.TestNG.runSuitesSequentially(TestNG.java:1172)
	at org.testng.TestNG.runSuitesLocally(TestNG.java:1101)
	at org.testng.TestNG.run(TestNG.java:1009)
	at com.avaya.sdmclient.runnerdemo.driverConcurrentInstallations.main(driverConcurrentInstallations.java:61)
]]>
    </error>
  </testcase> <!-- editVC -->
</testsuite> <!-- com.avaya.sdmclient.vcenter.VCEdit -->
