<?xml version="1.0" encoding="UTF-8"?>
<!-- Generated by org.testng.reporters.JUnitReportReporter -->
<testsuite hostname="HA1101901716" name="com.avaya.sdmclient.runnerdemo.c1" tests="8" failures="0" timestamp="8 Oct 2015 15:18:07 GMT" time="7217.199" errors="1">
  <testcase name="StartVM" time="126.049" classname="com.avaya.sdmclient.runnerdemo.c1"/>
  <testcase name="AddVMSuite" time="514.439" classname="com.avaya.sdmclient.runnerdemo.c1"/>
  <testcase name="DeleteVM" time="40.352" classname="com.avaya.sdmclient.runnerdemo.c1"/>
  <testcase name="RefreshVM" time="92.530" classname="com.avaya.sdmclient.runnerdemo.c1">
    <error type="org.openqa.selenium.TimeoutException" message="Timed out after 50 seconds waiting for text (&#039;VM Trust Establishment Completed&#039;) to be present in element found by By.id: vmDeployStatus
Build info: version: &#039;2.46.0&#039;, revision: &#039;87c69e2&#039;, time: &#039;2015-06-04 16:16:47&#039;
System info: host: &#039;HA1101901716&#039;, ip: &#039;148.147.208.138&#039;, os.name: &#039;Windows 7&#039;, os.arch: &#039;amd64&#039;, os.version: &#039;6.1&#039;, java.version: &#039;1.7.0_71&#039;
Driver info: driver.version: unknown">
      <![CDATA[org.openqa.selenium.TimeoutException: Timed out after 50 seconds waiting for text ('VM Trust Establishment Completed') to be present in element found by By.id: vmDeployStatus
Build info: version: '2.46.0', revision: '87c69e2', time: '2015-06-04 16:16:47'
System info: host: 'HA1101901716', ip: '148.147.208.138', os.name: 'Windows 7', os.arch: 'amd64', os.version: '6.1', java.version: '1.7.0_71'
Driver info: driver.version: unknown
	at org.openqa.selenium.support.ui.FluentWait.timeoutException(FluentWait.java:260)
	at org.openqa.selenium.support.ui.FluentWait.until(FluentWait.java:229)
	at com.avaya.sdmclient.Settings.fluentWait(Settings.java:578)
	at com.avaya.sdmclient.Settings.StatusCheck(Settings.java:668)
	at com.avaya.sdmclient.runnerdemo.c1.RefreshVM(c1.java:305)
	at sun.reflect.NativeMethodAccessorImpl.invoke0(Native Method)
	at sun.reflect.NativeMethodAccessorImpl.invoke(Unknown Source)
	at sun.reflect.DelegatingMethodAccessorImpl.invoke(Unknown Source)
	at java.lang.reflect.Method.invoke(Unknown Source)
	at org.testng.internal.MethodInvocationHelper.invokeMethod(MethodInvocationHelper.java:85)
	at org.testng.internal.Invoker.invokeMethod(Invoker.java:648)
	at org.testng.internal.Invoker.invokeTestMethod(Invoker.java:834)
	at org.testng.internal.Invoker.invokeTestMethods(Invoker.java:1142)
	at org.testng.internal.TestMethodWorker.invokeTestMethods(TestMethodWorker.java:124)
	at org.testng.internal.TestMethodWorker.run(TestMethodWorker.java:108)
	at org.testng.TestRunner.privateRun(TestRunner.java:771)
	at org.testng.TestRunner.run(TestRunner.java:621)
	at org.testng.SuiteRunner.runTest(SuiteRunner.java:357)
	at org.testng.SuiteRunner.runSequentially(SuiteRunner.java:352)
	at org.testng.SuiteRunner.privateRun(SuiteRunner.java:310)
	at org.testng.SuiteRunner.run(SuiteRunner.java:259)
	at org.testng.SuiteRunnerWorker.runSuite(SuiteRunnerWorker.java:52)
	at org.testng.SuiteRunnerWorker.run(SuiteRunnerWorker.java:86)
	at org.testng.TestNG.runSuitesSequentially(TestNG.java:1176)
	at org.testng.TestNG.runSuitesSequentially(TestNG.java:1172)
	at org.testng.TestNG.runSuitesLocally(TestNG.java:1101)
	at org.testng.TestNG.run(TestNG.java:1009)
	at com.avaya.sdmclient.runnerdemo.settingsForConcThreads.runThread(settingsForConcThreads.java:306)
	at com.avaya.sdmclient.runnerdemo.sdmSMGRConcurrent$1MyRunnable.run(sdmSMGRConcurrent.java:335)
	at java.lang.Thread.run(Unknown Source)
]]>
    </error>
  </testcase> <!-- RefreshVM -->
  <testcase name="EditVM" time="40.796" classname="com.avaya.sdmclient.runnerdemo.c1"/>
  <testcase name="RestartVM" time="161.043" classname="com.avaya.sdmclient.runnerdemo.c1"/>
  <testcase name="startNewThread" time="6111.970" classname="com.avaya.sdmclient.runnerdemo.c1"/>
  <testcase name="StopVM" time="130.020" classname="com.avaya.sdmclient.runnerdemo.c1"/>
</testsuite> <!-- com.avaya.sdmclient.runnerdemo.c1 -->
