<?xml version="1.0" encoding="UTF-8"?>
<!-- Generated by org.testng.reporters.JUnitReportReporter -->
<testsuite hostname="HA1101901716" name="com.avaya.sdmclient.runnerdemo.demoToRun" tests="2" failures="0" timestamp="3 Sep 2015 14:09:37 GMT" time="0.008" errors="0">
  <testcase name="t1" time="0.000" classname="com.avaya.sdmclient.runnerdemo.demoToRun"/>
  <testcase name="parameterTest" time="0.008" classname="com.avaya.sdmclient.runnerdemo.demoToRun"/>
</testsuite> <!-- com.avaya.sdmclient.runnerdemo.demoToRun -->
