<?xml version="1.0" encoding="UTF-8"?>
<!-- Generated by org.testng.reporters.JUnitReportReporter -->
<testsuite hostname="HA1101901716" name="com.avaya.sdmclient.monitorgraphs.CheckGraphs" tests="2" failures="0" timestamp="26 Oct 2015 05:58:03 GMT" time="88.851" errors="0">
  <testcase name="checkGraphForVMs" time="51.234" classname="com.avaya.sdmclient.monitorgraphs.CheckGraphs"/>
  <testcase name="checkGraphForHosts" time="37.617" classname="com.avaya.sdmclient.monitorgraphs.CheckGraphs"/>
</testsuite> <!-- com.avaya.sdmclient.monitorgraphs.CheckGraphs -->
