<?xml version="1.0" encoding="UTF-8"?>
<!-- Generated by org.testng.reporters.JUnitReportReporter -->
<testsuite hostname="HA1101901716" name="com.avaya.sdmclient.runnerdemo.c1" tests="8" failures="0" timestamp="8 Oct 2015 07:11:51 GMT" time="1210.611" errors="0">
  <testcase name="startNewThread" time="13.230" classname="com.avaya.sdmclient.runnerdemo.c1"/>
  <testcase name="DeleteVM" time="42.507" classname="com.avaya.sdmclient.runnerdemo.c1"/>
  <testcase name="AddVMSuite" time="579.780" classname="com.avaya.sdmclient.runnerdemo.c1"/>
  <testcase name="EditVM" time="40.969" classname="com.avaya.sdmclient.runnerdemo.c1"/>
  <testcase name="StartVM" time="126.428" classname="com.avaya.sdmclient.runnerdemo.c1"/>
  <testcase name="RefreshVM" time="119.150" classname="com.avaya.sdmclient.runnerdemo.c1"/>
  <testcase name="RestartVM" time="160.877" classname="com.avaya.sdmclient.runnerdemo.c1"/>
  <testcase name="StopVM" time="127.670" classname="com.avaya.sdmclient.runnerdemo.c1"/>
</testsuite> <!-- com.avaya.sdmclient.runnerdemo.c1 -->
