<?xml version="1.0" encoding="UTF-8"?>
<!-- Generated by org.testng.reporters.JUnitReportReporter -->
<testsuite hostname="HA1101901716" name="com.avaya.sdmclient.host._Host" tests="3" failures="0" timestamp="21 Aug 2015 15:55:10 GMT" time="42.883" errors="0">
  <testcase name="_EditHost" time="15.830" classname="com.avaya.sdmclient.host._Host"/>
  <testcase name="_DeleteHost" time="9.514" classname="com.avaya.sdmclient.host._Host"/>
  <testcase name="addHost" time="17.539" classname="com.avaya.sdmclient.host._Host"/>
</testsuite> <!-- com.avaya.sdmclient.host._Host -->
