<?xml version="1.0" encoding="UTF-8"?>
<!-- Generated by org.testng.reporters.JUnitReportReporter -->
<testsuite hostname="HA1101901716" name="com.avaya.sdmclient.location._Location" tests="3" failures="0" timestamp="21 Aug 2015 06:36:29 GMT" time="37.421" errors="0">
  <testcase name="_DeleteLocation" time="9.406" classname="com.avaya.sdmclient.location._Location"/>
  <testcase name="_AddLocation" time="16.815" classname="com.avaya.sdmclient.location._Location"/>
  <testcase name="_EditLocation" time="11.200" classname="com.avaya.sdmclient.location._Location"/>
</testsuite> <!-- com.avaya.sdmclient.location._Location -->
