<?xml version="1.0" encoding="UTF-8"?>
<!-- Generated by org.testng.reporters.JUnitReportReporter -->
<testsuite hostname="HA1101901716" name="com.avaya.sdmclient.runnerdemo.cHost2608" tests="1" failures="0" timestamp="26 Aug 2015 06:00:29 GMT" time="20.056" errors="0">
  <testcase name="AddVMSuite" time="20.056" classname="com.avaya.sdmclient.runnerdemo.cHost2608"/>
</testsuite> <!-- com.avaya.sdmclient.runnerdemo.cHost2608 -->
