<?xml version="1.0" encoding="UTF-8"?>
<!-- Generated by org.testng.reporters.JUnitReportReporter -->
<testsuite hostname="HA1101901716" name="com.avaya.sdmclient.location._Location" tests="3" failures="0" timestamp="21 Aug 2015 11:16:08 GMT" time="40.016" errors="0">
  <testcase name="_AddLocation" time="16.398" classname="com.avaya.sdmclient.location._Location"/>
  <testcase name="_EditLocation" time="14.510" classname="com.avaya.sdmclient.location._Location"/>
  <testcase name="_DeleteLocation" time="9.108" classname="com.avaya.sdmclient.location._Location"/>
</testsuite> <!-- com.avaya.sdmclient.location._Location -->
