<?xml version="1.0" encoding="UTF-8"?>
<!-- Generated by org.testng.reporters.JUnitReportReporter -->
<testsuite hostname="HA1101901716" name="com.avaya.sdmclient.runnerdemo.TESTtestNG" tests="1" failures="0" timestamp="3 Sep 2015 13:24:25 GMT" time="0.205" errors="0">
  <testcase name="testTestNGProgramatically" time="0.205" classname="com.avaya.sdmclient.runnerdemo.TESTtestNG"/>
</testsuite> <!-- com.avaya.sdmclient.runnerdemo.TESTtestNG -->
