<?xml version="1.0" encoding="UTF-8"?>
<!-- Generated by org.testng.reporters.JUnitReportReporter -->
<testsuite hostname="HA1101901716" name="com.avaya.sdmclient.runnerdemo.deleteVM" tests="1" failures="0" timestamp="28 Oct 2015 13:42:03 GMT" time="64.552" errors="0">
  <testcase name="DeleteVM" time="64.552" classname="com.avaya.sdmclient.runnerdemo.deleteVM"/>
</testsuite> <!-- com.avaya.sdmclient.runnerdemo.deleteVM -->
