<?xml version="1.0" encoding="UTF-8"?>
<!-- Generated by org.testng.reporters.JUnitReportReporter -->
<testsuite hostname="HA1101901716" name="com.avaya.sdmclient.runnerdemo.tempC" tests="2" failures="0" timestamp="26 Aug 2015 05:39:22 GMT" time="33.539" errors="0">
  <testcase name="addHost" time="22.194" classname="com.avaya.sdmclient.runnerdemo.tempC"/>
  <testcase name="che" time="11.345" classname="com.avaya.sdmclient.runnerdemo.tempC"/>
</testsuite> <!-- com.avaya.sdmclient.runnerdemo.tempC -->
