<?xml version="1.0" encoding="UTF-8"?>
<!-- Generated by org.testng.reporters.JUnitReportReporter -->
<testsuite hostname="HA1101901716" name="com.avaya.sdmclient.runnerdemo.Test1" tests="1" failures="0" timestamp="3 Sep 2015 12:14:41 GMT" time="73.742" errors="0">
  <testcase name="test" time="73.742" classname="com.avaya.sdmclient.runnerdemo.Test1"/>
</testsuite> <!-- com.avaya.sdmclient.runnerdemo.Test1 -->
