<?xml version="1.0" encoding="UTF-8"?>
<!-- Generated by org.testng.reporters.JUnitReportReporter -->
<testsuite hostname="HA1101901716" name="com.avaya.sdmclient.vcenter._vCenter" tests="1" failures="0" timestamp="25 Aug 2015 09:48:53 GMT" time="16.981" errors="0">
  <testcase name="_AddvCenter" time="16.981" classname="com.avaya.sdmclient.vcenter._vCenter"/>
</testsuite> <!-- com.avaya.sdmclient.vcenter._vCenter -->
