<?xml version="1.0" encoding="UTF-8"?>
<!-- Generated by org.testng.reporters.JUnitReportReporter -->
<testsuite hostname="HA1101901716" name="com.avaya.sdmclient.host.Host" tests="3" failures="0" timestamp="25 Aug 2015 10:46:37 GMT" time="43.769" errors="0">
  <testcase name="_EditHost" time="15.925" classname="com.avaya.sdmclient.host.Host"/>
  <testcase name="_DeleteHost" time="9.341" classname="com.avaya.sdmclient.host.Host"/>
  <testcase name="addHost" time="18.503" classname="com.avaya.sdmclient.host.Host"/>
</testsuite> <!-- com.avaya.sdmclient.host.Host -->
