<?xml version="1.0" encoding="UTF-8"?>
<!-- Generated by org.testng.reporters.JUnitReportReporter -->
<testsuite hostname="MA1000014" name="com.avaya.smgr.spm.settings.Messaging" tests="7" failures="0" timestamp="11 Aug 2015 07:23:02 GMT" time="76.410" errors="0">
  <testcase name="MessagingCommitCan" time="3.777" classname="com.avaya.smgr.spm.settings.Messaging"/>
  <testcase name="MessagingCollapseAll" time="0.163" classname="com.avaya.smgr.spm.settings.Messaging"/>
  <testcase name="MessagingEditDoneEnableBtn" time="3.105" classname="com.avaya.smgr.spm.settings.Messaging"/>
  <testcase name="MessagingUpdate" time="68.181" classname="com.avaya.smgr.spm.settings.Messaging"/>
  <testcase name="MessagingExpandAll" time="0.490" classname="com.avaya.smgr.spm.settings.Messaging"/>
  <testcase name="MessagingGeneralPropMessageUI" time="0.349" classname="com.avaya.smgr.spm.settings.Messaging"/>
  <testcase name="MessagingTelephony" time="0.345" classname="com.avaya.smgr.spm.settings.Messaging"/>
</testsuite> <!-- com.avaya.smgr.spm.settings.Messaging -->
