<?xml version="1.0" encoding="UTF-8"?>
<!-- Generated by org.testng.reporters.JUnitReportReporter -->
<testsuite hostname="HA1101901716" name="com.avaya.sdmclient.vcenter.vCenter" tests="1" failures="0" timestamp="25 Aug 2015 12:25:31 GMT" time="29.889" errors="0">
  <testcase name="_AddvCenter" time="29.889" classname="com.avaya.sdmclient.vcenter.vCenter"/>
</testsuite> <!-- com.avaya.sdmclient.vcenter.vCenter -->
