<?xml version="1.0" encoding="UTF-8"?>
<!-- Generated by org.testng.reporters.JUnitReportReporter -->
<testsuite hostname="HA1101901716" name="com.avaya.sdmclient.host._Host" tests="3" failures="0" timestamp="21 Aug 2015 06:24:01 GMT" time="47.448" errors="0">
  <testcase name="_DeleteHost" time="13.808" classname="com.avaya.sdmclient.host._Host"/>
  <testcase name="addHost" time="18.867" classname="com.avaya.sdmclient.host._Host"/>
  <testcase name="_EditHost" time="14.773" classname="com.avaya.sdmclient.host._Host"/>
</testsuite> <!-- com.avaya.sdmclient.host._Host -->
