<?xml version="1.0" encoding="UTF-8"?>
<!-- Generated by org.testng.reporters.JUnitReportReporter -->
<testsuite hostname="HA1101901716" name="com.avaya.sdmclient.location._Location" tests="3" failures="0" timestamp="24 Aug 2015 09:37:46 GMT" time="33.781" errors="0">
  <testcase name="_EditLocation" time="9.124" classname="com.avaya.sdmclient.location._Location"/>
  <testcase name="_DeleteLocation" time="9.115" classname="com.avaya.sdmclient.location._Location"/>
  <testcase name="_AddLocation" time="15.542" classname="com.avaya.sdmclient.location._Location"/>
</testsuite> <!-- com.avaya.sdmclient.location._Location -->
