<?xml version="1.0" encoding="UTF-8"?>
<!-- Generated by org.testng.reporters.JUnitReportReporter -->
<testsuite hostname="HA1101901716" name="otherOperations.UnknownLocationHostMapping" tests="1" failures="0" timestamp="19 Oct 2015 12:46:08 GMT" time="25.315" errors="0">
  <testcase name="unknownLocaHostMap" time="25.315" classname="otherOperations.UnknownLocationHostMapping"/>
</testsuite> <!-- otherOperations.UnknownLocationHostMapping -->
