<?xml version="1.0" encoding="UTF-8"?>
<!-- Generated by org.testng.reporters.JUnitReportReporter -->
<testsuite hostname="HA1101901716" name="com.avaya.sdmclient.update.updateVMs" tests="2" failures="0" timestamp="8 Oct 2015 12:31:26 GMT" time="126.458" errors="0">
  <testcase name="updateVM" time="14.642" classname="com.avaya.sdmclient.update.updateVMs"/>
  <testcase name="RefreshVM" time="111.816" classname="com.avaya.sdmclient.update.updateVMs"/>
</testsuite> <!-- com.avaya.sdmclient.update.updateVMs -->
