<?xml version="1.0" encoding="UTF-8"?>
<!-- Generated by org.testng.reporters.JUnitReportReporter -->
<testsuite hostname="HA1101901716" name="com.avaya.sdmclient.runnerdemo.CH12608" tests="1" failures="0" timestamp="26 Aug 2015 10:16:16 GMT" time="33.330" errors="0">
  <testcase name="addHost1" time="33.330" classname="com.avaya.sdmclient.runnerdemo.CH12608"/>
</testsuite> <!-- com.avaya.sdmclient.runnerdemo.CH12608 -->
