<?xml version="1.0" encoding="UTF-8"?>
<!-- Generated by org.testng.reporters.JUnitReportReporter -->
<testsuite hostname="MA1000014" name="com.avaya.smgr.spm.settings.CSM" tests="7" failures="0" timestamp="11 Aug 2015 07:07:38 GMT" time="280.667" errors="0">
  <testcase name="csmExpandAll" time="0.387" classname="com.avaya.smgr.spm.settings.CSM"/>
  <testcase name="csmGen" time="40.794" classname="com.avaya.smgr.spm.settings.CSM"/>
  <testcase name="csmtitle" time="43.365" classname="com.avaya.smgr.spm.settings.CSM"/>
  <testcase name="csmtable" time="40.886" classname="com.avaya.smgr.spm.settings.CSM"/>
  <testcase name="csmMgmtUpdate" time="71.147" classname="com.avaya.smgr.spm.settings.CSM"/>
  <testcase name="csmCollapseAll" time="40.277" classname="com.avaya.smgr.spm.settings.CSM"/>
  <testcase name="csmMgmtService" time="43.811" classname="com.avaya.smgr.spm.settings.CSM"/>
</testsuite> <!-- com.avaya.smgr.spm.settings.CSM -->
