<?xml version="1.0" encoding="UTF-8"?>
<!-- Generated by org.testng.reporters.JUnitReportReporter -->
<testsuite hostname="MA1000014" name="com.avaya.smgr.spm.settings.smgr.Licenses" tests="6" failures="0" timestamp="11 Aug 2015 07:20:55 GMT" time="113.620" errors="0">
  <testcase name="LicensesEditDoneEnableBtn" time="5.358" classname="com.avaya.smgr.spm.settings.smgr.Licenses"/>
  <testcase name="LicensesUpdate" time="76.920" classname="com.avaya.smgr.spm.settings.smgr.Licenses"/>
  <testcase name="LicensesCommitCancelEnableBtn" time="8.989" classname="com.avaya.smgr.spm.settings.smgr.Licenses"/>
  <testcase name="LicensesTitle" time="2.446" classname="com.avaya.smgr.spm.settings.smgr.Licenses"/>
  <testcase name="LicenseUsageEmpty" time="10.328" classname="com.avaya.smgr.spm.settings.smgr.Licenses"/>
  <testcase name="LicenseAllocationEmpty" time="9.579" classname="com.avaya.smgr.spm.settings.smgr.Licenses"/>
</testsuite> <!-- com.avaya.smgr.spm.settings.smgr.Licenses -->
