<?xml version="1.0" encoding="UTF-8"?>
<!-- Generated by org.testng.reporters.JUnitReportReporter -->
<testsuite hostname="MA1000014" name="com.avaya.smgr.spm.settings.smgr.Shutdown" tests="5" failures="0" timestamp="11 Aug 2015 07:15:41 GMT" time="92.807" errors="0">
  <testcase name="shutdownTitle" time="2.373" classname="com.avaya.smgr.spm.settings.smgr.Shutdown"/>
  <testcase name="ShutdownUpdate" time="75.082" classname="com.avaya.smgr.spm.settings.smgr.Shutdown"/>
  <testcase name="shutdownCommitCancelEnableBtn" time="5.316" classname="com.avaya.smgr.spm.settings.smgr.Shutdown"/>
  <testcase name="ShutdownAutoError" time="7.565" classname="com.avaya.smgr.spm.settings.smgr.Shutdown"/>
  <testcase name="shutdownEditDoneEnableBtn" time="2.471" classname="com.avaya.smgr.spm.settings.smgr.Shutdown"/>
</testsuite> <!-- com.avaya.smgr.spm.settings.smgr.Shutdown -->
