<?xml version="1.0" encoding="UTF-8"?>
<!-- Generated by org.testng.reporters.JUnitReportReporter -->
<testsuite hostname="HA1101901716" name="com.avaya.sdmclient.runnerdemo.sdmSMGR" tests="3" failures="0" timestamp="2 Sep 2015 13:25:25 GMT" time="88.114" errors="0">
  <testcase name="addHost" time="39.373" classname="com.avaya.sdmclient.runnerdemo.sdmSMGR"/>
  <testcase name="_EditHost" time="28.318" classname="com.avaya.sdmclient.runnerdemo.sdmSMGR"/>
  <testcase name="DeleteHost" time="20.423" classname="com.avaya.sdmclient.runnerdemo.sdmSMGR"/>
</testsuite> <!-- com.avaya.sdmclient.runnerdemo.sdmSMGR -->
