<?xml version="1.0" encoding="UTF-8"?>
<!-- Generated by org.testng.reporters.JUnitReportReporter -->
<testsuite hostname="HA1101901716" name="com.avaya.sdmclient.vm.VM" tests="4" failures="0" timestamp="25 Aug 2015 09:45:40 GMT" time="1440.541" errors="0">
  <testcase name="addHost" time="14.003" classname="com.avaya.sdmclient.vm.VM"/>
  <testcase name="DeleteVM" time="18.229" classname="com.avaya.sdmclient.vm.VM"/>
  <testcase name="AddVMSuite" time="1392.279" classname="com.avaya.sdmclient.vm.VM"/>
  <testcase name="AddLocation" time="16.030" classname="com.avaya.sdmclient.vm.VM"/>
</testsuite> <!-- com.avaya.sdmclient.vm.VM -->
