<?xml version="1.0" encoding="UTF-8"?>
<!-- Generated by org.testng.reporters.JUnitReportReporter -->
<testsuite hostname="HA1101901716" name="com.avaya.sdmclient.vcenter._vCenter" tests="3" failures="0" timestamp="24 Aug 2015 07:31:36 GMT" time="43.792" errors="0">
  <testcase name="_EditvCenter" time="16.834" classname="com.avaya.sdmclient.vcenter._vCenter"/>
  <testcase name="_AddvCenter" time="17.575" classname="com.avaya.sdmclient.vcenter._vCenter"/>
  <testcase name="_DeletevCenter" time="9.383" classname="com.avaya.sdmclient.vcenter._vCenter"/>
</testsuite> <!-- com.avaya.sdmclient.vcenter._vCenter -->
