<?xml version="1.0" encoding="UTF-8"?>
<!-- Generated by org.testng.reporters.JUnitReportReporter -->
<testsuite hostname="HA1101901716" name="com.avaya.sdmclient.location.Location" tests="3" failures="0" timestamp="25 Aug 2015 10:43:43 GMT" time="35.095" errors="0">
  <testcase name="_AddLocation" time="16.491" classname="com.avaya.sdmclient.location.Location"/>
  <testcase name="_DeleteLocation" time="8.635" classname="com.avaya.sdmclient.location.Location"/>
  <testcase name="_EditLocation" time="9.969" classname="com.avaya.sdmclient.location.Location"/>
</testsuite> <!-- com.avaya.sdmclient.location.Location -->
