<?xml version="1.0" encoding="UTF-8"?>
<!-- Generated by org.testng.reporters.JUnitReportReporter -->
<testsuite hostname="HA1101901716" name="com.avaya.sdmclient.runnerdemo.sdmSMGRConcurrent" tests="2" failures="0" timestamp="19 Oct 2015 13:21:48 GMT" time="63.854" errors="0">
  <testcase name="DeleteVM" time="41.105" classname="com.avaya.sdmclient.runnerdemo.sdmSMGRConcurrent"/>
  <testcase name="startNewThread" time="22.749" classname="com.avaya.sdmclient.runnerdemo.sdmSMGRConcurrent"/>
</testsuite> <!-- com.avaya.sdmclient.runnerdemo.sdmSMGRConcurrent -->
