<?xml version="1.0" encoding="UTF-8"?>
<!-- Generated by org.testng.reporters.JUnitReportReporter -->
<testsuite hostname="HA1101901716" name="com.avaya.sdmclient.runnerdemo.newaddvm" tests="6" failures="0" timestamp="5 Nov 2015 13:58:59 GMT" time="576.356" errors="0">
  <testcase name="StopVM" time="104.682" classname="com.avaya.sdmclient.runnerdemo.newaddvm"/>
  <testcase name="RefreshVM" time="116.926" classname="com.avaya.sdmclient.runnerdemo.newaddvm"/>
  <testcase name="RestartVM" time="139.323" classname="com.avaya.sdmclient.runnerdemo.newaddvm"/>
  <testcase name="DeleteVM" time="40.637" classname="com.avaya.sdmclient.runnerdemo.newaddvm"/>
  <testcase name="EditVM" time="41.688" classname="com.avaya.sdmclient.runnerdemo.newaddvm"/>
  <testcase name="StartVM" time="133.100" classname="com.avaya.sdmclient.runnerdemo.newaddvm"/>
</testsuite> <!-- com.avaya.sdmclient.runnerdemo.newaddvm -->
