<?xml version="1.0" encoding="UTF-8"?>
<!-- Generated by org.testng.reporters.JUnitReportReporter -->
<testsuite hostname="HA1101901716" name="com.avaya.sdmclient.runnerdemo.c1" tests="8" failures="0" timestamp="8 Oct 2015 15:18:15 GMT" time="5995.483" errors="0">
  <testcase name="RefreshVM" time="118.839" classname="com.avaya.sdmclient.runnerdemo.c1"/>
  <testcase name="EditVM" time="40.828" classname="com.avaya.sdmclient.runnerdemo.c1"/>
  <testcase name="DeleteVM" time="40.602" classname="com.avaya.sdmclient.runnerdemo.c1"/>
  <testcase name="StopVM" time="127.558" classname="com.avaya.sdmclient.runnerdemo.c1"/>
  <testcase name="startNewThread" time="4801.250" classname="com.avaya.sdmclient.runnerdemo.c1"/>
  <testcase name="RestartVM" time="160.778" classname="com.avaya.sdmclient.runnerdemo.c1"/>
  <testcase name="StartVM" time="126.037" classname="com.avaya.sdmclient.runnerdemo.c1"/>
  <testcase name="AddVMSuite" time="579.591" classname="com.avaya.sdmclient.runnerdemo.c1"/>
</testsuite> <!-- com.avaya.sdmclient.runnerdemo.c1 -->
