<?xml version="1.0" encoding="UTF-8"?>
<!-- Generated by org.testng.reporters.JUnitReportReporter -->
<testsuite hostname="HA1101901716" name="com.avaya.sdmclient.runnerdemo.sdmSMGRConcurrent" tests="2" failures="0" timestamp="28 Sep 2015 11:17:55 GMT" time="70.987" errors="0">
  <testcase name="DeleteVM" time="60.487" classname="com.avaya.sdmclient.runnerdemo.sdmSMGRConcurrent"/>
  <testcase name="startNewThread" time="10.500" classname="com.avaya.sdmclient.runnerdemo.sdmSMGRConcurrent"/>
</testsuite> <!-- com.avaya.sdmclient.runnerdemo.sdmSMGRConcurrent -->
